File saved: post.txt
File saved: post2.txt
Request received: /
File path: www/
POST request received
POST data: 409
File saved: post.txt
File saved: post2.txt
Request received: /
File path: www/
POST request received
POST data: 409
File saved: post.txt
File saved: post2.txt
Request received: /
File path: www/
POST request received
POST data: 409
File saved: IVOSaPVOS.pdf
File saved: IVOSaPVOS_2.pdf
Request received: /
File path: www/
POST request received
POST data: 498968
File saved: post.txt
File saved: post2.txt
Request received: /
File path: www/
POST request received
POST data: 410
File saved: post.txt
File saved: post2.txt
Request received: /
File path: www/
POST request received
POST data: 410
File saved: images.jpg
Request received: /
File path: www/
POST request received
POST data: 12244
File saved: images.jpg
File saved: images_2.jpg
Request received: /
File path: www/
POST request received
POST data: 24438
File saved: images.jpg
File saved: images_2.jpg
Request received: /
File path: www/
POST request received
POST data: 24438
File saved: images.jpg
File saved: images_2.jpg
Request received: /
File path: www/
POST request received
POST data: 24438
File saved: images.jpg
File saved: images_2.jpg
Request received: /
File path: www/
POST request received
POST data: 24438
File saved: images.jpg
Request received: /
File path: www/
POST request received
POST data: 12244
